<?xml version="1.0" encoding="UTF-8"?>
<!-- Generated by org.testng.reporters.JUnitReportReporter -->
<testsuite hostname="Vishnu" name="com.automation.restapi.restassured.GetRequest" tests="1" failures="0" timestamp="22 May 2022 10:20:18 GMT" time="3.875" errors="0">
  <testcase name="getWeatherDetails" time="3.875" classname="com.automation.restapi.restassured.GetRequest"/>
</testsuite> <!-- com.automation.restapi.restassured.GetRequest -->
