<?xml version="1.0" encoding="UTF-8"?>
<!-- Generated by org.testng.reporters.JUnitReportReporter -->
<testsuite hostname="Vishnu" name="com.automation.restapi.restassured.GetRequestHeaders" tests="1" failures="0" timestamp="22 May 2022 10:58:43 GMT" time="2.592" errors="0">
  <testcase name="getWeatherDetails" time="2.592" classname="com.automation.restapi.restassured.GetRequestHeaders"/>
</testsuite> <!-- com.automation.restapi.restassured.GetRequestHeaders -->
