<?xml version="1.0" encoding="UTF-8"?>
<!-- Generated by org.testng.reporters.JUnitReportReporter -->
<testsuite hostname="Vishnu" name="com.automation.restapi.restassured.GetAndPrintAllHeaders" tests="1" failures="0" timestamp="22 May 2022 11:06:19 GMT" time="2.589" errors="0">
  <testcase name="getWeatherDetails" time="2.589" classname="com.automation.restapi.restassured.GetAndPrintAllHeaders"/>
</testsuite> <!-- com.automation.restapi.restassured.GetAndPrintAllHeaders -->
